<?xml version="1.0" encoding="UTF-8"?>
<testsuite xmlns:xsi="http://www.w3.org/2001/XMLSchema-instance" xsi:noNamespaceSchemaLocation="https://maven.apache.org/surefire/maven-surefire-plugin/xsd/surefire-test-report-3.0.xsd" version="3.0" name="org.cloudbus.cloudsim.examples.NetworkExampleTest" time="0.052" tests="4" errors="0" skipped="0" failures="0">
  <properties>
[...]
</properties>
  <testcase name="runNetworkExample1" classname="org.cloudbus.cloudsim.examples.NetworkExampleTest" time="0.017">
    <system-out><![CDATA[Starting NetworkExample1...
Initialising...
Topology file: /D:/CodeJava/cloudsim/modules/cloudsim-examples/target/test-classes/topology.brite
Starting CloudSim version 7.0
0.0: Datacenter_0 is starting...
0.0: Broker is starting...
Entities started.
0.0: Broker: Cloud Resource List received with 1 datacenter(s)
7.800000190734863: Broker: Trying to Create Vm #0 in Datacenter_0
11.700000286102295: Datacenter_0.guestAllocator: Vm #0 has been allocated to Host #0
15.610000381469726: Broker: Vm #0 has been created in Datacenter #2, Host #0
15.610000381469726: Broker: Sending Cloudlet #0 to Vm #0
183.41000057220458: Broker: Cloudlet #0 return received
183.41000057220458: Broker: The number of finished Cloudlets is:1
183.41000057220458: Broker: All Cloudlets executed. Finishing...
183.41000057220458: Broker: Destroying Vm #0
183.41000057220458: Broker is shutting down...
187.310000667572: Simulation: No more future events
187.310000667572: CloudInformationService is shutting down...
187.310000667572: CloudInformationService: Notify all CloudSim entities for shutting down.
187.310000667572: Datacenter_0 is shutting down...
187.310000667572: Broker is shutting down...
Simulation completed.
Simulation completed.

========== OUTPUT ==========
Cloudlet ID    STATUS    Data center ID    VM ID    Time    Start Time    Finish Time
    0        SUCCESS        2            0        160        19.51        179.51
NetworkExample1 finished!
]]></system-out>
  </testcase>
  <testcase name="runNetworkExample2" classname="org.cloudbus.cloudsim.examples.NetworkExampleTest" time="0.018">
    <system-out><![CDATA[Starting NetworkExample2...
Initialising...
Topology file: /D:/CodeJava/cloudsim/modules/cloudsim-examples/target/test-classes/topology.brite
Starting CloudSim version 7.0
0.0: Datacenter_0 is starting...
0.0: Datacenter_1 is starting...
0.0: Broker is starting...
Entities started.
0.0: Broker: Cloud Resource List received with 2 datacenter(s)
10.0: Broker: Trying to Create Vm #0 in Datacenter_0
10.0: Broker: Trying to Create Vm #1 in Datacenter_0
13.900000095367432: Datacenter_0.guestAllocator: Vm #0 has been allocated to Host #0
13.900000095367432: Datacenter_0.guestAllocator: Vm #1 has been allocated to Host #0
17.81000019073486: Broker: Vm #0 has been created in Datacenter #2, Host #0
17.81000019073486: Broker: Vm #1 has been created in Datacenter #2, Host #0
17.81000019073486: Broker: Sending Cloudlet #0 to Vm #0
17.81000019073486: Broker: Sending Cloudlet #1 to Vm #1
185.61000038146972: Broker: Cloudlet #0 return received
185.61000038146972: Broker: The number of finished Cloudlets is:1
185.61000038146972: Broker: Cloudlet #1 return received
185.61000038146972: Broker: The number of finished Cloudlets is:2
185.61000038146972: Broker: All Cloudlets executed. Finishing...
185.61000038146972: Broker: Destroying Vm #0
185.61000038146972: Broker: Destroying Vm #1
185.61000038146972: Broker is shutting down...
189.51000047683715: Simulation: No more future events
189.51000047683715: CloudInformationService is shutting down...
189.51000047683715: CloudInformationService: Notify all CloudSim entities for shutting down.
189.51000047683715: Datacenter_0 is shutting down...
189.51000047683715: Datacenter_1 is shutting down...
189.51000047683715: Broker is shutting down...
Simulation completed.
Simulation completed.

========== OUTPUT ==========
Cloudlet ID    STATUS    Data center ID    VM ID    Time    Start Time    Finish Time
    0        SUCCESS        2            0        160        21.71        181.71
    1        SUCCESS        2            1        160        21.71        181.71
NetworkExample2 finished!
]]></system-out>
  </testcase>
  <testcase name="runNetworkExample3" classname="org.cloudbus.cloudsim.examples.NetworkExampleTest" time="0.005">
    <system-out><![CDATA[Starting NetworkExample3...
Initialising...
Topology file: /D:/CodeJava/cloudsim/modules/cloudsim-examples/target/test-classes/topology.brite
Starting CloudSim version 7.0
0.0: Datacenter_0 is starting...
0.0: Datacenter_1 is starting...
0.0: Broker1 is starting...
0.0: Broker2 is starting...
Entities started.
0.0: Broker1: Cloud Resource List received with 2 datacenter(s)
0.0: Broker2: Cloud Resource List received with 2 datacenter(s)
8.0: Broker2: Trying to Create Vm #0 in Datacenter_0
10.0: Broker1: Trying to Create Vm #0 in Datacenter_0
11.0: Datacenter_0.guestAllocator: Vm #0 has been allocated to Host #0
13.900000095367432[GuestScheduler.guestCreate] Allocation of Vm #0 failed by Number of PEs or MIPS
13.900000095367432: Datacenter.guestAllocator: Couldn't find a host for Vm #0
14.01: Broker2: Vm #0 has been created in Datacenter #2, Host #0
14.01: Broker2: Sending Cloudlet #0 to Vm #0
17.81000019073486: Broker1: Creation of Vm #0 failed in Datacenter #2
17.81000019073486: Broker1: Trying to Create Vm #0 in Datacenter_1
22.81000019073486: Datacenter_1.guestAllocator: Vm #0 has been allocated to Host #0
27.82000019073486: Broker1: Vm #0 has been created in Datacenter #3, Host #0
27.82000019073486: Broker1: Sending Cloudlet #0 to Vm #0
180.01: Broker2: Cloudlet #0 return received
180.01: Broker2: The number of finished Cloudlets is:1
180.01: Broker2: All Cloudlets executed. Finishing...
180.01: Broker2: Destroying Vm #0
180.01: Broker2 is shutting down...
197.82000019073485: Broker1: Cloudlet #0 return received
197.82000019073485: Broker1: The number of finished Cloudlets is:1
197.82000019073485: Broker1: All Cloudlets executed. Finishing...
197.82000019073485: Broker1: Destroying Vm #0
197.82000019073485: Broker1 is shutting down...
202.82000019073485: Simulation: No more future events
202.82000019073485: CloudInformationService is shutting down...
202.82000019073485: CloudInformationService: Notify all CloudSim entities for shutting down.
202.82000019073485: Datacenter_0 is shutting down...
202.82000019073485: Datacenter_1 is shutting down...
202.82000019073485: Broker1 is shutting down...
202.82000019073485: Broker2 is shutting down...
Simulation completed.
Simulation completed.
=============> User 4    
========== OUTPUT ==========
Cloudlet ID    STATUS    Data center ID    VM ID    Time    Start Time    Finish Time
    0        SUCCESS        3            0        160        32.82        192.82
=============> User 5    
========== OUTPUT ==========
Cloudlet ID    STATUS    Data center ID    VM ID    Time    Start Time    Finish Time
    0        SUCCESS        2            0        160        17.01        177.01
NetworkExample3 finished!
]]></system-out>
  </testcase>
  <testcase name="runNetworkExample4" classname="org.cloudbus.cloudsim.examples.NetworkExampleTest" time="0.004">
    <system-out><![CDATA[Starting NetworkExample4...
Initialising...
Starting CloudSim version 7.0
0.0: Datacenter_0 is starting...
0.0: Broker is starting...
Entities started.
0.0: Broker: Cloud Resource List received with 1 datacenter(s)
14.0: Broker: Trying to Create Vm #0 in Datacenter_0
21.0: Datacenter_0.guestAllocator: Vm #0 has been allocated to Host #0
28.009999999999998: Broker: Vm #0 has been created in Datacenter #2, Host #0
28.009999999999998: Broker: Sending Cloudlet #0 to Vm #0
202.01: Broker: Cloudlet #0 return received
202.01: Broker: The number of finished Cloudlets is:1
202.01: Broker: All Cloudlets executed. Finishing...
202.01: Broker: Destroying Vm #0
202.01: Broker is shutting down...
209.01: Simulation: No more future events
209.01: CloudInformationService is shutting down...
209.01: CloudInformationService: Notify all CloudSim entities for shutting down.
209.01: Datacenter_0 is shutting down...
209.01: Broker is shutting down...
Simulation completed.
Simulation completed.

========== OUTPUT ==========
Cloudlet ID    STATUS    Data center ID    VM ID    Time    Start Time    Finish Time
    0        SUCCESS        2            0        160        35.01        195.01
NetworkExample4 finished!
]]></system-out>
  </testcase>
</testsuite>